<?xml version="1.0" encoding="UTF-8"?>
<ns2:test-suite xmlns:ns2="urn:model.allure.qatools.yandex.ru" start="1511977711388" stop="1511977714654">
	<name>Acumen Login page Detailed Test</name>
	<title>Acumen Login page Detailed Test</title>
	<test-cases>
		<test-case start="1511977711388" stop="1511977713044" status="failed">
			<name>AC - 1055 Login FE Validation</name>
			<title>AC - 1055 Login FE Validation</title>
			<description></description>
			<labels>
			</labels>
			<parameters>
			</parameters>
			<steps>
			</steps>
			<attachments>
			</attachments>
			<failure>
				<message>Failed: no such window: target window already closed
from unknown error: web view not found
  (Session info: chrome=62.0.3202.94)
  (Driver info: chromedriver=2.33.506120 (e3e53437346286c0bc2d2dc9aa4915ba81d9023f),platform=Windows NT 6.3.9600 x86_64) (WARNING: The server did not provide any stacktrace information)
Command duration or timeout: 0 milliseconds
Build info: version: &apos;3.4.0&apos;, revision: &apos;unknown&apos;, time: &apos;unknown&apos;
System info: host: &apos;ADMIN&apos;, ip: &apos;192.168.99.1&apos;, os.name: &apos;Windows 8.1&apos;, os.arch: &apos;amd64&apos;, os.version: &apos;6.3&apos;, java.version: &apos;1.8.0_151&apos;
Driver info: org.openqa.selenium.chrome.ChromeDriver
Capabilities [{applicationCacheEnabled=false, rotatable=false, mobileEmulationEnabled=false, networkConnectionEnabled=false, chrome={chromedriverVersion=2.33.506120 (e3e53437346286c0bc2d2dc9aa4915ba81d9023f), userDataDir=C:\Users\root\AppData\Local\Temp\scoped_dir4024_4211}, takesHeapSnapshot=true, pageLoadStrategy=normal, databaseEnabled=false, handlesAlerts=true, hasTouchScreen=false, version=62.0.3202.94, platform=WIN8_1, browserConnectionEnabled=false, nativeEvents=true, acceptSslCerts=true, locationContextEnabled=true, webStorageEnabled=true, browserName=chrome, takesScreenshot=true, javascriptEnabled=true, cssSelectorsEnabled=true, setWindowRect=true, unexpectedAlertBehaviour=}]
Session ID: 718e37a411fa11e9f267f3aff7383096</message>
				<stack-trace>NoSuchWindowError: no such window: target window already closed
from unknown error: web view not found
  (Session info: chrome=62.0.3202.94)
  (Driver info: chromedriver=2.33.506120 (e3e53437346286c0bc2d2dc9aa4915ba81d9023f),platform=Windows NT 6.3.9600 x86_64) (WARNING: The server did not provide any stacktrace information)
Command duration or timeout: 0 milliseconds
Build info: version: &apos;3.4.0&apos;, revision: &apos;unknown&apos;, time: &apos;unknown&apos;
System info: host: &apos;ADMIN&apos;, ip: &apos;192.168.99.1&apos;, os.name: &apos;Windows 8.1&apos;, os.arch: &apos;amd64&apos;, os.version: &apos;6.3&apos;, java.version: &apos;1.8.0_151&apos;
Driver info: org.openqa.selenium.chrome.ChromeDriver
Capabilities [{applicationCacheEnabled=false, rotatable=false, mobileEmulationEnabled=false, networkConnectionEnabled=false, chrome={chromedriverVersion=2.33.506120 (e3e53437346286c0bc2d2dc9aa4915ba81d9023f), userDataDir=C:\Users\root\AppData\Local\Temp\scoped_dir4024_4211}, takesHeapSnapshot=true, pageLoadStrategy=normal, databaseEnabled=false, handlesAlerts=true, hasTouchScreen=false, version=62.0.3202.94, platform=WIN8_1, browserConnectionEnabled=false, nativeEvents=true, acceptSslCerts=true, locationContextEnabled=true, webStorageEnabled=true, browserName=chrome, takesScreenshot=true, javascriptEnabled=true, cssSelectorsEnabled=true, setWindowRect=true, unexpectedAlertBehaviour=}]
Session ID: 718e37a411fa11e9f267f3aff7383096
    at WebDriverError (C:\Users\root\AppData\Roaming\npm\node_modules\selenium-webdriver\lib\error.js:27:5)
    at NoSuchWindowError (C:\Users\root\AppData\Roaming\npm\node_modules\selenium-webdriver\lib\error.js:192:5)
    at Object.checkLegacyResponse (C:\Users\root\AppData\Roaming\npm\node_modules\selenium-webdriver\lib\error.js:505:15)
    at parseHttpResponse (C:\Users\root\AppData\Roaming\npm\node_modules\selenium-webdriver\lib\http.js:509:13)
    at doSend.then.response (C:\Users\root\AppData\Roaming\npm\node_modules\selenium-webdriver\lib\http.js:440:13)
    at process._tickCallback (internal/process/next_tick.js:109:7)
From: Task: WebDriver.navigate().to(data:text/html,&lt;html&gt;&lt;/html&gt;)
    at thenableWebDriverProxy.schedule (C:\Users\root\AppData\Roaming\npm\node_modules\selenium-webdriver\lib\webdriver.js:816:17)
    at Navigation.to (C:\Users\root\AppData\Roaming\npm\node_modules\selenium-webdriver\lib\webdriver.js:1140:25)
    at thenableWebDriverProxy.get (C:\Users\root\AppData\Roaming\npm\node_modules\selenium-webdriver\lib\webdriver.js:997:28)
    at driver.controlFlow.execute.then.then (C:\Users\root\AppData\Roaming\npm\node_modules\protractor\lib\browser.ts:885:30)
    at ManagedPromise.invokeCallback_ (C:\Users\root\AppData\Roaming\npm\node_modules\selenium-webdriver\lib\promise.js:1366:14)
    at TaskQueue.execute_ (C:\Users\root\AppData\Roaming\npm\node_modules\selenium-webdriver\lib\promise.js:2970:14)
    at TaskQueue.executeNext_ (C:\Users\root\AppData\Roaming\npm\node_modules\selenium-webdriver\lib\promise.js:2953:27)
    at asyncRun (C:\Users\root\AppData\Roaming\npm\node_modules\selenium-webdriver\lib\promise.js:2813:27)
    at C:\Users\root\AppData\Roaming\npm\node_modules\selenium-webdriver\lib\promise.js:676:7
From: Task: Run it(&quot;AC - 1055 Login FE Validation&quot;) in control flow
    at UserContext.&lt;anonymous&gt; (C:\Users\root\AppData\Roaming\npm\node_modules\jasminewd2\index.js:94:19)
    at attempt (C:\Users\root\AppData\Roaming\npm\node_modules\jasmine-core\lib\jasmine-core\jasmine.js:4071:26)
    at QueueRunner.run (C:\Users\root\AppData\Roaming\npm\node_modules\jasmine-core\lib\jasmine-core\jasmine.js:3991:20)
    at QueueRunner.execute (C:\Users\root\AppData\Roaming\npm\node_modules\jasmine-core\lib\jasmine-core\jasmine.js:3973:10)
    at Spec.queueRunnerFactory (C:\Users\root\AppData\Roaming\npm\node_modules\jasmine-core\lib\jasmine-core\jasmine.js:828:35)
    at Spec.execute (C:\Users\root\AppData\Roaming\npm\node_modules\jasmine-core\lib\jasmine-core\jasmine.js:489:10)
    at UserContext.fn (C:\Users\root\AppData\Roaming\npm\node_modules\jasmine-core\lib\jasmine-core\jasmine.js:5096:37)
    at attempt (C:\Users\root\AppData\Roaming\npm\node_modules\jasmine-core\lib\jasmine-core\jasmine.js:4071:26)
    at QueueRunner.run (C:\Users\root\AppData\Roaming\npm\node_modules\jasmine-core\lib\jasmine-core\jasmine.js:3991:20)
    at QueueRunner.execute (C:\Users\root\AppData\Roaming\npm\node_modules\jasmine-core\lib\jasmine-core\jasmine.js:3973:10)
From asynchronous test: 
Error
    at Suite.&lt;anonymous&gt; (C:\acumen-automated-regression-tests\acumen-automated-BDD-E2E-tests\test-spec\login-DetailTest_2.spec.js:8:5)
    at addSpecsToSuite (C:\Users\root\AppData\Roaming\npm\node_modules\jasmine-core\lib\jasmine-core\jasmine.js:1013:25)
    at Env.describe (C:\Users\root\AppData\Roaming\npm\node_modules\jasmine-core\lib\jasmine-core\jasmine.js:980:7)
    at describe (C:\Users\root\AppData\Roaming\npm\node_modules\jasmine-core\lib\jasmine-core\jasmine.js:4163:18)
    at Object.&lt;anonymous&gt; (C:\acumen-automated-regression-tests\acumen-automated-BDD-E2E-tests\test-spec\login-DetailTest_2.spec.js:1:1)
    at Module._compile (module.js:570:32)
    at Object.Module._extensions..js (module.js:579:10)
    at Module.load (module.js:487:32)
    at tryModuleLoad (module.js:446:12)</stack-trace>
			</failure>
		</test-case>
		<test-case start="1511977713044" stop="1511977714654" status="failed">
			<name>AC - 1643 Logout Acumen App: </name>
			<title>AC - 1643 Logout Acumen App: </title>
			<description></description>
			<labels>
			</labels>
			<parameters>
			</parameters>
			<steps>
			</steps>
			<attachments>
			</attachments>
			<failure>
				<message>Failed: no such window: target window already closed
from unknown error: web view not found
  (Session info: chrome=62.0.3202.94)
  (Driver info: chromedriver=2.33.506120 (e3e53437346286c0bc2d2dc9aa4915ba81d9023f),platform=Windows NT 6.3.9600 x86_64) (WARNING: The server did not provide any stacktrace information)
Command duration or timeout: 16 milliseconds
Build info: version: &apos;3.4.0&apos;, revision: &apos;unknown&apos;, time: &apos;unknown&apos;
System info: host: &apos;ADMIN&apos;, ip: &apos;192.168.99.1&apos;, os.name: &apos;Windows 8.1&apos;, os.arch: &apos;amd64&apos;, os.version: &apos;6.3&apos;, java.version: &apos;1.8.0_151&apos;
Driver info: org.openqa.selenium.chrome.ChromeDriver
Capabilities [{applicationCacheEnabled=false, rotatable=false, mobileEmulationEnabled=false, networkConnectionEnabled=false, chrome={chromedriverVersion=2.33.506120 (e3e53437346286c0bc2d2dc9aa4915ba81d9023f), userDataDir=C:\Users\root\AppData\Local\Temp\scoped_dir4024_4211}, takesHeapSnapshot=true, pageLoadStrategy=normal, databaseEnabled=false, handlesAlerts=true, hasTouchScreen=false, version=62.0.3202.94, platform=WIN8_1, browserConnectionEnabled=false, nativeEvents=true, acceptSslCerts=true, locationContextEnabled=true, webStorageEnabled=true, browserName=chrome, takesScreenshot=true, javascriptEnabled=true, cssSelectorsEnabled=true, setWindowRect=true, unexpectedAlertBehaviour=}]
Session ID: 718e37a411fa11e9f267f3aff7383096</message>
				<stack-trace>NoSuchWindowError: no such window: target window already closed
from unknown error: web view not found
  (Session info: chrome=62.0.3202.94)
  (Driver info: chromedriver=2.33.506120 (e3e53437346286c0bc2d2dc9aa4915ba81d9023f),platform=Windows NT 6.3.9600 x86_64) (WARNING: The server did not provide any stacktrace information)
Command duration or timeout: 16 milliseconds
Build info: version: &apos;3.4.0&apos;, revision: &apos;unknown&apos;, time: &apos;unknown&apos;
System info: host: &apos;ADMIN&apos;, ip: &apos;192.168.99.1&apos;, os.name: &apos;Windows 8.1&apos;, os.arch: &apos;amd64&apos;, os.version: &apos;6.3&apos;, java.version: &apos;1.8.0_151&apos;
Driver info: org.openqa.selenium.chrome.ChromeDriver
Capabilities [{applicationCacheEnabled=false, rotatable=false, mobileEmulationEnabled=false, networkConnectionEnabled=false, chrome={chromedriverVersion=2.33.506120 (e3e53437346286c0bc2d2dc9aa4915ba81d9023f), userDataDir=C:\Users\root\AppData\Local\Temp\scoped_dir4024_4211}, takesHeapSnapshot=true, pageLoadStrategy=normal, databaseEnabled=false, handlesAlerts=true, hasTouchScreen=false, version=62.0.3202.94, platform=WIN8_1, browserConnectionEnabled=false, nativeEvents=true, acceptSslCerts=true, locationContextEnabled=true, webStorageEnabled=true, browserName=chrome, takesScreenshot=true, javascriptEnabled=true, cssSelectorsEnabled=true, setWindowRect=true, unexpectedAlertBehaviour=}]
Session ID: 718e37a411fa11e9f267f3aff7383096
    at WebDriverError (C:\Users\root\AppData\Roaming\npm\node_modules\selenium-webdriver\lib\error.js:27:5)
    at NoSuchWindowError (C:\Users\root\AppData\Roaming\npm\node_modules\selenium-webdriver\lib\error.js:192:5)
    at Object.checkLegacyResponse (C:\Users\root\AppData\Roaming\npm\node_modules\selenium-webdriver\lib\error.js:505:15)
    at parseHttpResponse (C:\Users\root\AppData\Roaming\npm\node_modules\selenium-webdriver\lib\http.js:509:13)
    at doSend.then.response (C:\Users\root\AppData\Roaming\npm\node_modules\selenium-webdriver\lib\http.js:440:13)
    at process._tickCallback (internal/process/next_tick.js:109:7)
From: Task: Protractor.waitForAngular() - Locator: by.buttonText(&quot;Cancel&quot;)
    at thenableWebDriverProxy.schedule (C:\Users\root\AppData\Roaming\npm\node_modules\selenium-webdriver\lib\webdriver.js:816:17)
    at ProtractorBrowser.executeAsyncScript_ (C:\Users\root\AppData\Roaming\npm\node_modules\protractor\lib\browser.ts:609:24)
    at angularAppRoot.then (C:\Users\root\AppData\Roaming\npm\node_modules\protractor\lib\browser.ts:643:23)
    at ManagedPromise.invokeCallback_ (C:\Users\root\AppData\Roaming\npm\node_modules\selenium-webdriver\lib\promise.js:1366:14)
    at TaskQueue.execute_ (C:\Users\root\AppData\Roaming\npm\node_modules\selenium-webdriver\lib\promise.js:2970:14)
    at TaskQueue.executeNext_ (C:\Users\root\AppData\Roaming\npm\node_modules\selenium-webdriver\lib\promise.js:2953:27)
    at asyncRun (C:\Users\root\AppData\Roaming\npm\node_modules\selenium-webdriver\lib\promise.js:2813:27)
    at C:\Users\root\AppData\Roaming\npm\node_modules\selenium-webdriver\lib\promise.js:676:7Error
    at ElementArrayFinder.applyAction_ (C:\Users\root\AppData\Roaming\npm\node_modules\protractor\lib\element.ts:482:23)
    at ElementArrayFinder.(anonymous function) [as click] (C:\Users\root\AppData\Roaming\npm\node_modules\protractor\lib\element.ts:96:21)
    at AcumenLoginPage.changePasswordCancelButton (C:\acumen-automated-regression-tests\acumen-automated-BDD-E2E-tests\page-factory\login_DetailedPage.js:123:31)
    at UserContext.&lt;anonymous&gt; (C:\acumen-automated-regression-tests\acumen-automated-BDD-E2E-tests\test-spec\login-DetailTest_2.spec.js:63:26)
    at C:\Users\root\AppData\Roaming\npm\node_modules\jasminewd2\index.js:112:25
    at new ManagedPromise (C:\Users\root\AppData\Roaming\npm\node_modules\selenium-webdriver\lib\promise.js:1067:7)
    at ControlFlow.promise (C:\Users\root\AppData\Roaming\npm\node_modules\selenium-webdriver\lib\promise.js:2396:12)
    at schedulerExecute (C:\Users\root\AppData\Roaming\npm\node_modules\jasminewd2\index.js:95:18)
    at TaskQueue.execute_ (C:\Users\root\AppData\Roaming\npm\node_modules\selenium-webdriver\lib\promise.js:2970:14)
    at TaskQueue.executeNext_ (C:\Users\root\AppData\Roaming\npm\node_modules\selenium-webdriver\lib\promise.js:2953:27)
From: Task: Run it(&quot;AC - 1643 Logout Acumen App: &quot;) in control flow
    at UserContext.&lt;anonymous&gt; (C:\Users\root\AppData\Roaming\npm\node_modules\jasminewd2\index.js:94:19)
    at attempt (C:\Users\root\AppData\Roaming\npm\node_modules\jasmine-core\lib\jasmine-core\jasmine.js:4071:26)
    at QueueRunner.run (C:\Users\root\AppData\Roaming\npm\node_modules\jasmine-core\lib\jasmine-core\jasmine.js:3991:20)
    at QueueRunner.execute (C:\Users\root\AppData\Roaming\npm\node_modules\jasmine-core\lib\jasmine-core\jasmine.js:3973:10)
    at Spec.queueRunnerFactory (C:\Users\root\AppData\Roaming\npm\node_modules\jasmine-core\lib\jasmine-core\jasmine.js:828:35)
    at Spec.execute (C:\Users\root\AppData\Roaming\npm\node_modules\jasmine-core\lib\jasmine-core\jasmine.js:489:10)
    at UserContext.fn (C:\Users\root\AppData\Roaming\npm\node_modules\jasmine-core\lib\jasmine-core\jasmine.js:5096:37)
    at attempt (C:\Users\root\AppData\Roaming\npm\node_modules\jasmine-core\lib\jasmine-core\jasmine.js:4071:26)
    at QueueRunner.run (C:\Users\root\AppData\Roaming\npm\node_modules\jasmine-core\lib\jasmine-core\jasmine.js:3991:20)
    at runNext (C:\Users\root\AppData\Roaming\npm\node_modules\jasmine-core\lib\jasmine-core\jasmine.js:4031:20)
From asynchronous test: 
Error
    at Suite.&lt;anonymous&gt; (C:\acumen-automated-regression-tests\acumen-automated-BDD-E2E-tests\test-spec\login-DetailTest_2.spec.js:60:5)
    at addSpecsToSuite (C:\Users\root\AppData\Roaming\npm\node_modules\jasmine-core\lib\jasmine-core\jasmine.js:1013:25)
    at Env.describe (C:\Users\root\AppData\Roaming\npm\node_modules\jasmine-core\lib\jasmine-core\jasmine.js:980:7)
    at describe (C:\Users\root\AppData\Roaming\npm\node_modules\jasmine-core\lib\jasmine-core\jasmine.js:4163:18)
    at Object.&lt;anonymous&gt; (C:\acumen-automated-regression-tests\acumen-automated-BDD-E2E-tests\test-spec\login-DetailTest_2.spec.js:1:1)
    at Module._compile (module.js:570:32)
    at Object.Module._extensions..js (module.js:579:10)
    at Module.load (module.js:487:32)
    at tryModuleLoad (module.js:446:12)</stack-trace>
			</failure>
		</test-case>
	</test-cases>
</ns2:test-suite>